********
epoch:1    time:470
train_loss:0.5199177970220894
SHAPE:(1024, 1024)
********
epoch:2    time:936
train_loss:0.4059710537460881
SHAPE:(1024, 1024)
********
epoch:3    time:1407
train_loss:0.38514579980895547
SHAPE:(1024, 1024)
********
epoch:4    time:1878
train_loss:0.3695885796308058
SHAPE:(1024, 1024)
********
epoch:5    time:2345
train_loss:0.3625885598844799
SHAPE:(1024, 1024)
********
epoch:6    time:2811
train_loss:0.35286442350713426
SHAPE:(1024, 1024)
********
epoch:7    time:3278
train_loss:0.34907016014547476
SHAPE:(1024, 1024)
********
epoch:8    time:3749
train_loss:0.3446422312875244
SHAPE:(1024, 1024)
********
epoch:9    time:4218
train_loss:0.33632985029223644
SHAPE:(1024, 1024)
********
epoch:10    time:4689
train_loss:0.33401823974069145
SHAPE:(1024, 1024)
********
epoch:11    time:5161
train_loss:0.33246565120164295
SHAPE:(1024, 1024)
********
epoch:12    time:5635
train_loss:0.32778013201386175
SHAPE:(1024, 1024)
********
epoch:13    time:6104
train_loss:0.32595807726404646
SHAPE:(1024, 1024)
********
epoch:14    time:6575
train_loss:0.32351700022730523
SHAPE:(1024, 1024)
********
epoch:15    time:7048
train_loss:0.31827919306706065
SHAPE:(1024, 1024)
********
epoch:16    time:7514
train_loss:0.3184590532600535
SHAPE:(1024, 1024)
********
epoch:17    time:7984
train_loss:0.31494566403429863
SHAPE:(1024, 1024)
********
epoch:18    time:8455
train_loss:0.3113938110067665
SHAPE:(1024, 1024)
********
epoch:19    time:8923
train_loss:0.31307592604239937
SHAPE:(1024, 1024)
********
epoch:20    time:9389
train_loss:0.3105742400542007
SHAPE:(1024, 1024)
********
epoch:21    time:9857
train_loss:0.3067985235611138
SHAPE:(1024, 1024)
********
epoch:22    time:10326
train_loss:0.30594498409567233
SHAPE:(1024, 1024)
********
epoch:23    time:10795
train_loss:0.3028401274308227
SHAPE:(1024, 1024)
********
epoch:24    time:11265
train_loss:0.3032239425255078
SHAPE:(1024, 1024)
********
epoch:25    time:11733
train_loss:0.30107358970853404
SHAPE:(1024, 1024)
********
epoch:26    time:12197
train_loss:0.2982028632801009
SHAPE:(1024, 1024)
********
epoch:27    time:12670
train_loss:0.2968659202832018
SHAPE:(1024, 1024)
********
epoch:28    time:13136
train_loss:0.29680094294197373
SHAPE:(1024, 1024)
********
epoch:29    time:13601
train_loss:0.29592932793733473
SHAPE:(1024, 1024)
********
epoch:30    time:14077
train_loss:0.2937989599797001
SHAPE:(1024, 1024)
********
epoch:31    time:14548
train_loss:0.29179764540438935
SHAPE:(1024, 1024)
********
epoch:32    time:15016
train_loss:0.29046889566789474
SHAPE:(1024, 1024)
********
epoch:33    time:15485
train_loss:0.2910594114400901
SHAPE:(1024, 1024)
********
epoch:34    time:15952
train_loss:0.29119751535418253
SHAPE:(1024, 1024)
********
epoch:35    time:16419
train_loss:0.28998099302893354
SHAPE:(1024, 1024)
********
epoch:36    time:16888
train_loss:0.2869199738289273
SHAPE:(1024, 1024)
********
epoch:37    time:17353
train_loss:0.2863828815285334
SHAPE:(1024, 1024)
********
epoch:38    time:17816
train_loss:0.2853912490210092
SHAPE:(1024, 1024)
********
epoch:39    time:18280
train_loss:0.2852880054691241
SHAPE:(1024, 1024)
********
epoch:40    time:18747
train_loss:0.2846456541654079
SHAPE:(1024, 1024)
********
epoch:41    time:19213
train_loss:0.2827455564165774
SHAPE:(1024, 1024)
********
epoch:42    time:19675
train_loss:0.28263616132177294
SHAPE:(1024, 1024)
********
epoch:43    time:20139
train_loss:0.2811087150420986
SHAPE:(1024, 1024)
********
epoch:44    time:20606
train_loss:0.2795090920452744
SHAPE:(1024, 1024)
********
epoch:45    time:21072
train_loss:0.27989545910497776
SHAPE:(1024, 1024)
********
epoch:46    time:21541
train_loss:0.27970431155035264
SHAPE:(1024, 1024)
********
epoch:47    time:22005
train_loss:0.2764181880449054
SHAPE:(1024, 1024)
********
epoch:48    time:22470
train_loss:0.2774328773861599
SHAPE:(1024, 1024)
********
epoch:49    time:22944
train_loss:0.2766755205329673
SHAPE:(1024, 1024)
********
epoch:50    time:23411
train_loss:0.27655554357999856
SHAPE:(1024, 1024)
********
epoch:51    time:23871
train_loss:0.2750400995540175
SHAPE:(1024, 1024)
********
epoch:52    time:24335
train_loss:0.274774263254633
SHAPE:(1024, 1024)
********
epoch:53    time:24804
train_loss:0.27472793917645993
SHAPE:(1024, 1024)
********
epoch:54    time:25265
train_loss:0.2723805868403607
SHAPE:(1024, 1024)
********
epoch:55    time:25729
train_loss:0.2706025790234139
SHAPE:(1024, 1024)
********
epoch:56    time:26200
train_loss:0.2724175984632073
SHAPE:(1024, 1024)
********
epoch:57    time:26667
train_loss:0.2709108494944732
SHAPE:(1024, 1024)
********
epoch:58    time:27130
train_loss:0.2735350971841705
SHAPE:(1024, 1024)
********
epoch:59    time:27597
train_loss:0.2681400301120338
SHAPE:(1024, 1024)
********
epoch:60    time:28068
train_loss:0.2699726988623061
SHAPE:(1024, 1024)
********
epoch:61    time:28530
train_loss:0.2680325639328286
SHAPE:(1024, 1024)
********
epoch:62    time:29003
train_loss:0.2683505826296528
SHAPE:(1024, 1024)
********
epoch:63    time:29471
train_loss:0.26627011445465193
SHAPE:(1024, 1024)
********
epoch:64    time:29938
train_loss:0.26703053906167556
SHAPE:(1024, 1024)
********
epoch:65    time:30405
train_loss:0.26565280320289125
SHAPE:(1024, 1024)
********
epoch:66    time:30869
train_loss:0.2649905314966893
SHAPE:(1024, 1024)
********
epoch:67    time:31373
train_loss:0.26508561461474855
SHAPE:(1024, 1024)
********
epoch:68    time:32044
train_loss:0.2637362277461844
SHAPE:(1024, 1024)
********
epoch:69    time:32659
train_loss:0.2631260298704519
SHAPE:(1024, 1024)
********
epoch:70    time:33245
train_loss:0.26276157488693547
SHAPE:(1024, 1024)
********
epoch:71    time:33828
train_loss:0.26029791156106374
SHAPE:(1024, 1024)
********
epoch:72    time:34408
train_loss:0.25950652286266773
SHAPE:(1024, 1024)
********
epoch:73    time:34941
train_loss:0.2606526036186332
SHAPE:(1024, 1024)
********
epoch:74    time:35573
train_loss:0.2606820687986599
SHAPE:(1024, 1024)
********
epoch:75    time:36124
train_loss:0.26062712613098427
SHAPE:(1024, 1024)
********
epoch:76    time:36741
train_loss:0.2590171482770506
SHAPE:(1024, 1024)
********
epoch:77    time:37304
train_loss:0.2577499472222117
SHAPE:(1024, 1024)
********
epoch:78    time:37933
train_loss:0.25861385803461534
SHAPE:(1024, 1024)
********
epoch:79    time:38494
train_loss:0.2579943822528126
SHAPE:(1024, 1024)
********
epoch:80    time:39087
train_loss:0.25653256516599776
SHAPE:(1024, 1024)
********
epoch:81    time:39636
train_loss:0.2565406314554931
SHAPE:(1024, 1024)
********
epoch:82    time:40282
train_loss:0.2566186665349766
SHAPE:(1024, 1024)
********
epoch:83    time:40864
train_loss:0.25701648791248244
SHAPE:(1024, 1024)
********
epoch:84    time:41484
train_loss:0.25519393137539514
SHAPE:(1024, 1024)
********
epoch:85    time:42051
train_loss:0.25638237434774924
SHAPE:(1024, 1024)
********
epoch:86    time:42686
train_loss:0.2548832157740397
SHAPE:(1024, 1024)
********
epoch:87    time:43240
train_loss:0.25372041676698315
SHAPE:(1024, 1024)
********
epoch:88    time:43886
train_loss:0.25313685692765425
SHAPE:(1024, 1024)
********
epoch:89    time:44459
train_loss:0.25240463142832964
SHAPE:(1024, 1024)
********
epoch:90    time:45065
train_loss:0.2538646858092218
SHAPE:(1024, 1024)
********
epoch:91    time:45684
train_loss:0.25263561321782546
SHAPE:(1024, 1024)
********
epoch:92    time:46293
train_loss:0.2510273815847469
SHAPE:(1024, 1024)
********
epoch:93    time:46868
train_loss:0.25059105979377977
SHAPE:(1024, 1024)
********
epoch:94    time:47441
train_loss:0.2513709278369302
SHAPE:(1024, 1024)
********
epoch:95    time:48154
train_loss:0.2484579405956109
SHAPE:(1024, 1024)
********
epoch:96    time:48935
train_loss:0.2512798946046952
SHAPE:(1024, 1024)
********
epoch:97    time:49543
train_loss:0.24982666324252262
SHAPE:(1024, 1024)
********
epoch:98    time:50220
train_loss:0.24777189234012048
SHAPE:(1024, 1024)
********
epoch:99    time:50784
train_loss:0.24729315355640233
SHAPE:(1024, 1024)
********
epoch:100    time:51461
train_loss:0.2509907727287071
SHAPE:(1024, 1024)
********
epoch:101    time:52055
train_loss:0.24797916166393436
SHAPE:(1024, 1024)
********
epoch:102    time:52757
train_loss:0.24655382397393807
SHAPE:(1024, 1024)
********
epoch:103    time:53453
train_loss:0.2465803355370949
SHAPE:(1024, 1024)
********
epoch:104    time:54104
train_loss:0.24707095300588533
SHAPE:(1024, 1024)
********
epoch:105    time:54728
train_loss:0.24610271337385276
SHAPE:(1024, 1024)
********
epoch:106    time:55421
train_loss:0.24483717426743812
SHAPE:(1024, 1024)
********
epoch:107    time:56007
train_loss:0.24546713857177593
SHAPE:(1024, 1024)
********
epoch:108    time:56616
train_loss:0.24508079749579298
SHAPE:(1024, 1024)
********
epoch:109    time:57205
train_loss:0.24457487066778222
SHAPE:(1024, 1024)
********
epoch:110    time:57849
train_loss:0.24379938009195629
SHAPE:(1024, 1024)
********
epoch:111    time:58424
train_loss:0.24338302068895612
SHAPE:(1024, 1024)
********
epoch:112    time:59069
train_loss:0.2434811782410073
SHAPE:(1024, 1024)
********
epoch:113    time:59641
train_loss:0.24393321998661424
SHAPE:(1024, 1024)
********
epoch:114    time:60305
train_loss:0.2437667517121893
SHAPE:(1024, 1024)
********
epoch:115    time:60889
train_loss:0.2434478362994693
SHAPE:(1024, 1024)
update learning rate: 0.000200 -> 0.000040
********
epoch:116    time:61506
train_loss:0.23231164804811116
SHAPE:(1024, 1024)
********
epoch:117    time:62070
train_loss:0.2290571471036208
SHAPE:(1024, 1024)
********
epoch:118    time:62707
train_loss:0.22825783224598137
SHAPE:(1024, 1024)
********
epoch:119    time:63241
train_loss:0.22765528368084723
SHAPE:(1024, 1024)
********
epoch:120    time:63820
train_loss:0.2264731212368973
SHAPE:(1024, 1024)
********
epoch:121    time:64386
train_loss:0.22545219213248985
SHAPE:(1024, 1024)
********
epoch:122    time:64958
train_loss:0.22440355572091056
SHAPE:(1024, 1024)
********
epoch:123    time:65518
train_loss:0.22388417635522137
SHAPE:(1024, 1024)
********
epoch:124    time:66051
train_loss:0.22395406251410757
SHAPE:(1024, 1024)
********
epoch:125    time:66642
train_loss:0.22350907411399987
SHAPE:(1024, 1024)
********
epoch:126    time:67227
train_loss:0.22222600187256922
SHAPE:(1024, 1024)
********
epoch:127    time:67798
train_loss:0.2231008885147178
SHAPE:(1024, 1024)
********
epoch:128    time:68317
train_loss:0.22176045552135357
SHAPE:(1024, 1024)
********
epoch:129    time:68941
train_loss:0.22078500293295736
SHAPE:(1024, 1024)
********
epoch:130    time:69499
train_loss:0.22203540213898962
SHAPE:(1024, 1024)
********
epoch:131    time:70138
train_loss:0.22022312509665218
SHAPE:(1024, 1024)
********
epoch:132    time:70744
train_loss:0.2199780585515859
SHAPE:(1024, 1024)
********
epoch:133    time:71430
train_loss:0.21997992538858394
SHAPE:(1024, 1024)
********
epoch:134    time:72045
train_loss:0.2190800407613097
SHAPE:(1024, 1024)
********
epoch:135    time:72717
train_loss:0.2189112009340628
SHAPE:(1024, 1024)
********
epoch:136    time:73333
train_loss:0.2192465074279022
SHAPE:(1024, 1024)
********
epoch:137    time:74018
train_loss:0.21917223408291872
SHAPE:(1024, 1024)
********
epoch:138    time:74667
train_loss:0.21750059254902943
SHAPE:(1024, 1024)
********
epoch:139    time:75313
train_loss:0.21828135150839445
SHAPE:(1024, 1024)
********
epoch:140    time:75986
train_loss:0.21743702822931316
SHAPE:(1024, 1024)
********
epoch:141    time:76620
train_loss:0.21783141600890427
SHAPE:(1024, 1024)
********
epoch:142    time:77279
train_loss:0.2175240074604386
SHAPE:(1024, 1024)
********
epoch:143    time:77891
train_loss:0.2167811296693622
SHAPE:(1024, 1024)
********
epoch:144    time:78533
train_loss:0.2171049100767364
SHAPE:(1024, 1024)
********
epoch:145    time:79083
train_loss:0.21759455525672197
SHAPE:(1024, 1024)
********
epoch:146    time:79732
train_loss:0.21604289325024734
SHAPE:(1024, 1024)
********
epoch:147    time:80291
train_loss:0.2167545886627741
SHAPE:(1024, 1024)
********
epoch:148    time:80913
train_loss:0.21633986987092207
SHAPE:(1024, 1024)
********
epoch:149    time:81516
train_loss:0.2157775654948592
SHAPE:(1024, 1024)
********
epoch:150    time:82130
train_loss:0.2151884432300667
SHAPE:(1024, 1024)
********
epoch:151    time:82694
train_loss:0.2158014053525493
SHAPE:(1024, 1024)
********
epoch:152    time:83352
train_loss:0.2156180344957454
SHAPE:(1024, 1024)
********
epoch:153    time:83971
train_loss:0.21559057693854308
SHAPE:(1024, 1024)
********
epoch:154    time:84701
train_loss:0.2149606898149467
SHAPE:(1024, 1024)
********
epoch:155    time:85300
train_loss:0.21462714595525173
SHAPE:(1024, 1024)
********
epoch:156    time:85959
train_loss:0.21351474363718112
SHAPE:(1024, 1024)
********
epoch:157    time:86546
train_loss:0.2142300372159703
SHAPE:(1024, 1024)
********
epoch:158    time:87243
train_loss:0.21387148390577324
SHAPE:(1024, 1024)
********
epoch:159    time:87834
train_loss:0.21377764742249622
SHAPE:(1024, 1024)
********
epoch:160    time:88517
train_loss:0.21352132466755086
SHAPE:(1024, 1024)
update learning rate: 0.000040 -> 0.000008
********
epoch:161    time:89160
train_loss:0.2126075028416126
SHAPE:(1024, 1024)
********
epoch:162    time:89765
train_loss:0.2119906200245549
SHAPE:(1024, 1024)
********
epoch:163    time:90464
train_loss:0.21233648957544668
SHAPE:(1024, 1024)
********
epoch:164    time:91093
train_loss:0.21195747920562613
SHAPE:(1024, 1024)
********
epoch:165    time:91741
train_loss:0.21153175001563213
SHAPE:(1024, 1024)
********
epoch:166    time:92326
train_loss:0.21120593077147246
SHAPE:(1024, 1024)
********
epoch:167    time:92998
train_loss:0.21161627884315387
SHAPE:(1024, 1024)
********
epoch:168    time:93574
train_loss:0.21009200073984394
SHAPE:(1024, 1024)
********
epoch:169    time:94286
train_loss:0.2116160041622114
SHAPE:(1024, 1024)
********
epoch:170    time:94924
train_loss:0.21048340182715528
SHAPE:(1024, 1024)
********
epoch:171    time:95539
train_loss:0.2100405704347308
SHAPE:(1024, 1024)
********
epoch:172    time:96240
train_loss:0.2100854430469704
SHAPE:(1024, 1024)
********
epoch:173    time:96848
train_loss:0.2105876064560853
SHAPE:(1024, 1024)
********
epoch:174    time:97478
train_loss:0.21122489806429728
SHAPE:(1024, 1024)
********
epoch:175    time:98059
train_loss:0.21049583822431361
SHAPE:(1024, 1024)
update learning rate: 0.000008 -> 0.000002
********
epoch:176    time:98696
train_loss:0.20988996874352028
SHAPE:(1024, 1024)
********
epoch:177    time:99285
train_loss:0.21033699358780567
SHAPE:(1024, 1024)
********
epoch:178    time:100028
train_loss:0.21017013164326864
SHAPE:(1024, 1024)
********
epoch:179    time:100626
train_loss:0.2094384362788329
SHAPE:(1024, 1024)
********
epoch:180    time:101306
train_loss:0.20950967350983052
SHAPE:(1024, 1024)
********
epoch:181    time:101878
train_loss:0.2105010841556214
SHAPE:(1024, 1024)
********
epoch:182    time:102488
train_loss:0.2111458592140759
SHAPE:(1024, 1024)
********
epoch:183    time:103157
train_loss:0.2097567182199344
SHAPE:(1024, 1024)
update learning rate: 0.000002 -> 0.000000
********
epoch:184    time:103772
train_loss:0.21062569028303726
SHAPE:(1024, 1024)
Finish!